{"/home/cbaez/Desktop/Ejercicio Arzion/package-delivery/api/controllers/LogisticController.js": {"path":"/home/cbaez/Desktop/Ejercicio Arzion/package-delivery/api/controllers/LogisticController.js","statementMap":{"0":{"start":{"line":8,"column":0},"end":{"line":19,"column":2}},"1":{"start":{"line":11,"column":4},"end":{"line":11,"column":65}},"2":{"start":{"line":12,"column":4},"end":{"line":12,"column":20}},"3":{"start":{"line":16,"column":4},"end":{"line":16,"column":64}},"4":{"start":{"line":17,"column":4},"end":{"line":17,"column":20}}},"fnMap":{"0":{"name":"(anonymous_0)","decl":{"start":{"line":10,"column":27},"end":{"line":10,"column":28}},"loc":{"start":{"line":10,"column":53},"end":{"line":13,"column":3}},"line":10},"1":{"name":"(anonymous_1)","decl":{"start":{"line":15,"column":29},"end":{"line":15,"column":30}},"loc":{"start":{"line":15,"column":55},"end":{"line":18,"column":3}},"line":15}},"branchMap":{},"s":{"0":1,"1":0,"2":0,"3":0,"4":0},"f":{"0":0,"1":0},"b":{},"_coverageSchema":"332fd63041d2c1bcb487cc26dd0d5f7d97098a6c","hash":"594b41fd13fc9fddbad297238f86e14f58e70a83"}
,"/home/cbaez/Desktop/Ejercicio Arzion/package-delivery/api/controllers/PackageController.js": {"path":"/home/cbaez/Desktop/Ejercicio Arzion/package-delivery/api/controllers/PackageController.js","statementMap":{"0":{"start":{"line":8,"column":0},"end":{"line":15,"column":2}},"1":{"start":{"line":11,"column":5},"end":{"line":11,"column":49}},"2":{"start":{"line":12,"column":5},"end":{"line":12,"column":21}}},"fnMap":{"0":{"name":"(anonymous_0)","decl":{"start":{"line":10,"column":20},"end":{"line":10,"column":21}},"loc":{"start":{"line":10,"column":46},"end":{"line":13,"column":3}},"line":10}},"branchMap":{},"s":{"0":1,"1":0,"2":0},"f":{"0":0},"b":{},"_coverageSchema":"332fd63041d2c1bcb487cc26dd0d5f7d97098a6c","hash":"2555065bdf00e66daa1bb56c02808d439d3ad29a"}
,"/home/cbaez/Desktop/Ejercicio Arzion/package-delivery/api/controllers/WarehouseController.js": {"path":"/home/cbaez/Desktop/Ejercicio Arzion/package-delivery/api/controllers/WarehouseController.js","statementMap":{"0":{"start":{"line":8,"column":0},"end":{"line":15,"column":2}},"1":{"start":{"line":11,"column":5},"end":{"line":11,"column":53}},"2":{"start":{"line":12,"column":5},"end":{"line":12,"column":21}}},"fnMap":{"0":{"name":"(anonymous_0)","decl":{"start":{"line":10,"column":8},"end":{"line":10,"column":9}},"loc":{"start":{"line":10,"column":34},"end":{"line":13,"column":3}},"line":10}},"branchMap":{},"s":{"0":1,"1":0,"2":0},"f":{"0":0},"b":{},"_coverageSchema":"332fd63041d2c1bcb487cc26dd0d5f7d97098a6c","hash":"9fe15705d47493ff96ce5c8c14b9e8788f8637d8"}
,"/home/cbaez/Desktop/Ejercicio Arzion/package-delivery/api/helpers/database/add-package.js": {"path":"/home/cbaez/Desktop/Ejercicio Arzion/package-delivery/api/helpers/database/add-package.js","statementMap":{"0":{"start":{"line":1,"column":13},"end":{"line":1,"column":30}},"1":{"start":{"line":3,"column":0},"end":{"line":71,"column":2}},"2":{"start":{"line":54,"column":15},"end":{"line":54,"column":63}},"3":{"start":{"line":56,"column":24},"end":{"line":63,"column":5}},"4":{"start":{"line":65,"column":17},"end":{"line":65,"column":52}},"5":{"start":{"line":67,"column":4},"end":{"line":67,"column":37}}},"fnMap":{"0":{"name":"(anonymous_0)","decl":{"start":{"line":52,"column":6},"end":{"line":52,"column":7}},"loc":{"start":{"line":52,"column":37},"end":{"line":68,"column":3}},"line":52}},"branchMap":{},"s":{"0":1,"1":1,"2":0,"3":0,"4":0,"5":0},"f":{"0":0},"b":{},"_coverageSchema":"332fd63041d2c1bcb487cc26dd0d5f7d97098a6c","hash":"126f39e3223ca10d3393a49ecde1eb39f4e6f264"}
,"/home/cbaez/Desktop/Ejercicio Arzion/package-delivery/api/helpers/database/add-warehouse.js": {"path":"/home/cbaez/Desktop/Ejercicio Arzion/package-delivery/api/helpers/database/add-warehouse.js","statementMap":{"0":{"start":{"line":1,"column":0},"end":{"line":59,"column":2}},"1":{"start":{"line":45,"column":24},"end":{"line":51,"column":5}},"2":{"start":{"line":53,"column":17},"end":{"line":53,"column":54}},"3":{"start":{"line":55,"column":4},"end":{"line":55,"column":37}}},"fnMap":{"0":{"name":"(anonymous_0)","decl":{"start":{"line":44,"column":6},"end":{"line":44,"column":7}},"loc":{"start":{"line":44,"column":37},"end":{"line":56,"column":3}},"line":44}},"branchMap":{},"s":{"0":1,"1":0,"2":0,"3":0},"f":{"0":0},"b":{},"_coverageSchema":"332fd63041d2c1bcb487cc26dd0d5f7d97098a6c","hash":"13e9739c00c3f52954fa39e70c051464f3ce460c"}
,"/home/cbaez/Desktop/Ejercicio Arzion/package-delivery/api/helpers/database/get-all-warehouses.js": {"path":"/home/cbaez/Desktop/Ejercicio Arzion/package-delivery/api/helpers/database/get-all-warehouses.js","statementMap":{"0":{"start":{"line":1,"column":0},"end":{"line":20,"column":2}},"1":{"start":{"line":11,"column":21},"end":{"line":13,"column":6}},"2":{"start":{"line":15,"column":4},"end":{"line":15,"column":22}}},"fnMap":{"0":{"name":"(anonymous_0)","decl":{"start":{"line":9,"column":6},"end":{"line":9,"column":7}},"loc":{"start":{"line":9,"column":24},"end":{"line":17,"column":3}},"line":9}},"branchMap":{},"s":{"0":1,"1":0,"2":0},"f":{"0":0},"b":{},"_coverageSchema":"332fd63041d2c1bcb487cc26dd0d5f7d97098a6c","hash":"e6ddee5a060ba07570f9a06df2751cf1f982cceb"}
,"/home/cbaez/Desktop/Ejercicio Arzion/package-delivery/api/helpers/database/get-packages.js": {"path":"/home/cbaez/Desktop/Ejercicio Arzion/package-delivery/api/helpers/database/get-packages.js","statementMap":{"0":{"start":{"line":1,"column":0},"end":{"line":30,"column":2}},"1":{"start":{"line":22,"column":19},"end":{"line":22,"column":54}},"2":{"start":{"line":25,"column":4},"end":{"line":25,"column":20}}},"fnMap":{"0":{"name":"(anonymous_0)","decl":{"start":{"line":19,"column":6},"end":{"line":19,"column":7}},"loc":{"start":{"line":19,"column":30},"end":{"line":27,"column":3}},"line":19}},"branchMap":{},"s":{"0":1,"1":1,"2":1},"f":{"0":1},"b":{},"_coverageSchema":"332fd63041d2c1bcb487cc26dd0d5f7d97098a6c","hash":"07a63e47d9d28adfbc0489f7cd8d3138efc7fcc4"}
,"/home/cbaez/Desktop/Ejercicio Arzion/package-delivery/api/helpers/database/get-warehouse-by-id.js": {"path":"/home/cbaez/Desktop/Ejercicio Arzion/package-delivery/api/helpers/database/get-warehouse-by-id.js","statementMap":{"0":{"start":{"line":1,"column":0},"end":{"line":31,"column":2}},"1":{"start":{"line":21,"column":20},"end":{"line":23,"column":6}},"2":{"start":{"line":26,"column":4},"end":{"line":26,"column":21}}},"fnMap":{"0":{"name":"(anonymous_0)","decl":{"start":{"line":18,"column":6},"end":{"line":18,"column":7}},"loc":{"start":{"line":18,"column":30},"end":{"line":28,"column":3}},"line":18}},"branchMap":{},"s":{"0":1,"1":118,"2":0},"f":{"0":118},"b":{},"_coverageSchema":"332fd63041d2c1bcb487cc26dd0d5f7d97098a6c","hash":"9818da312614e46d06e706493d7b1b832588cfdd"}
,"/home/cbaez/Desktop/Ejercicio Arzion/package-delivery/api/helpers/database/update-full-at-warehouse.js": {"path":"/home/cbaez/Desktop/Ejercicio Arzion/package-delivery/api/helpers/database/update-full-at-warehouse.js","statementMap":{"0":{"start":{"line":3,"column":0},"end":{"line":38,"column":2}},"1":{"start":{"line":29,"column":22},"end":{"line":29,"column":45}},"2":{"start":{"line":31,"column":17},"end":{"line":32,"column":21}},"3":{"start":{"line":34,"column":4},"end":{"line":34,"column":64}},"4":{"start":{"line":36,"column":4},"end":{"line":36,"column":37}}},"fnMap":{"0":{"name":"(anonymous_0)","decl":{"start":{"line":27,"column":6},"end":{"line":27,"column":7}},"loc":{"start":{"line":27,"column":37},"end":{"line":37,"column":3}},"line":27}},"branchMap":{},"s":{"0":1,"1":0,"2":0,"3":0,"4":0},"f":{"0":0},"b":{},"_coverageSchema":"332fd63041d2c1bcb487cc26dd0d5f7d97098a6c","hash":"325043d78b2e7ddcfe13efbac593a3fbad1ccbee"}
,"/home/cbaez/Desktop/Ejercicio Arzion/package-delivery/api/helpers/database/update-package.js": {"path":"/home/cbaez/Desktop/Ejercicio Arzion/package-delivery/api/helpers/database/update-package.js","statementMap":{"0":{"start":{"line":1,"column":0},"end":{"line":69,"column":2}},"1":{"start":{"line":42,"column":23},"end":{"line":42,"column":25}},"2":{"start":{"line":44,"column":4},"end":{"line":59,"column":5}},"3":{"start":{"line":46,"column":8},"end":{"line":46,"column":72}},"4":{"start":{"line":47,"column":8},"end":{"line":47,"column":14}},"5":{"start":{"line":50,"column":8},"end":{"line":50,"column":83}},"6":{"start":{"line":51,"column":8},"end":{"line":51,"column":14}},"7":{"start":{"line":53,"column":8},"end":{"line":53,"column":79}},"8":{"start":{"line":54,"column":8},"end":{"line":54,"column":14}},"9":{"start":{"line":56,"column":8},"end":{"line":56,"column":73}},"10":{"start":{"line":57,"column":8},"end":{"line":57,"column":14}},"11":{"start":{"line":58,"column":15},"end":{"line":58,"column":22}},"12":{"start":{"line":61,"column":17},"end":{"line":62,"column":21}},"13":{"start":{"line":64,"column":4},"end":{"line":64,"column":62}},"14":{"start":{"line":66,"column":4},"end":{"line":66,"column":37}}},"fnMap":{"0":{"name":"(anonymous_0)","decl":{"start":{"line":40,"column":6},"end":{"line":40,"column":7}},"loc":{"start":{"line":40,"column":37},"end":{"line":67,"column":3}},"line":40}},"branchMap":{"0":{"loc":{"start":{"line":44,"column":4},"end":{"line":59,"column":5}},"type":"switch","locations":[{"start":{"line":45,"column":6},"end":{"line":47,"column":14}},{"start":{"line":48,"column":6},"end":{"line":48,"column":50}},{"start":{"line":49,"column":6},"end":{"line":51,"column":14}},{"start":{"line":52,"column":6},"end":{"line":54,"column":14}},{"start":{"line":55,"column":6},"end":{"line":57,"column":14}},{"start":{"line":58,"column":6},"end":{"line":58,"column":22}}],"line":44}},"s":{"0":1,"1":0,"2":0,"3":0,"4":0,"5":0,"6":0,"7":0,"8":0,"9":0,"10":0,"11":0,"12":0,"13":0,"14":0},"f":{"0":0},"b":{"0":[0,0,0,0,0,0]},"_coverageSchema":"332fd63041d2c1bcb487cc26dd0d5f7d97098a6c","hash":"ab2486acdab2a52c8a9fdfb628cfd854f958be2b"}
,"/home/cbaez/Desktop/Ejercicio Arzion/package-delivery/api/helpers/database/update-packages-at-warehouse.js": {"path":"/home/cbaez/Desktop/Ejercicio Arzion/package-delivery/api/helpers/database/update-packages-at-warehouse.js","statementMap":{"0":{"start":{"line":1,"column":0},"end":{"line":37,"column":2}},"1":{"start":{"line":28,"column":24},"end":{"line":30,"column":67}},"2":{"start":{"line":32,"column":17},"end":{"line":32,"column":59}},"3":{"start":{"line":33,"column":4},"end":{"line":33,"column":64}},"4":{"start":{"line":35,"column":4},"end":{"line":35,"column":37}}},"fnMap":{"0":{"name":"(anonymous_0)","decl":{"start":{"line":25,"column":6},"end":{"line":25,"column":7}},"loc":{"start":{"line":25,"column":37},"end":{"line":36,"column":3}},"line":25}},"branchMap":{},"s":{"0":1,"1":0,"2":0,"3":0,"4":0},"f":{"0":0},"b":{},"_coverageSchema":"332fd63041d2c1bcb487cc26dd0d5f7d97098a6c","hash":"e53adf4852c815514c654715a959f7d28e58e5ec"}
,"/home/cbaez/Desktop/Ejercicio Arzion/package-delivery/api/helpers/database/update-warehouse.js": {"path":"/home/cbaez/Desktop/Ejercicio Arzion/package-delivery/api/helpers/database/update-warehouse.js","statementMap":{"0":{"start":{"line":1,"column":0},"end":{"line":51,"column":2}},"1":{"start":{"line":31,"column":4},"end":{"line":45,"column":5}},"2":{"start":{"line":33,"column":6},"end":{"line":33,"column":119}},"3":{"start":{"line":35,"column":11},"end":{"line":45,"column":5}},"4":{"start":{"line":37,"column":6},"end":{"line":37,"column":119}},"5":{"start":{"line":39,"column":11},"end":{"line":45,"column":5}},"6":{"start":{"line":41,"column":6},"end":{"line":41,"column":122}},"7":{"start":{"line":44,"column":6},"end":{"line":44,"column":34}},"8":{"start":{"line":47,"column":4},"end":{"line":47,"column":37}}},"fnMap":{"0":{"name":"(anonymous_0)","decl":{"start":{"line":30,"column":6},"end":{"line":30,"column":7}},"loc":{"start":{"line":30,"column":37},"end":{"line":48,"column":3}},"line":30}},"branchMap":{"0":{"loc":{"start":{"line":31,"column":4},"end":{"line":45,"column":5}},"type":"if","locations":[{"start":{"line":31,"column":4},"end":{"line":45,"column":5}},{"start":{"line":31,"column":4},"end":{"line":45,"column":5}}],"line":31},"1":{"loc":{"start":{"line":35,"column":11},"end":{"line":45,"column":5}},"type":"if","locations":[{"start":{"line":35,"column":11},"end":{"line":45,"column":5}},{"start":{"line":35,"column":11},"end":{"line":45,"column":5}}],"line":35},"2":{"loc":{"start":{"line":39,"column":11},"end":{"line":45,"column":5}},"type":"if","locations":[{"start":{"line":39,"column":11},"end":{"line":45,"column":5}},{"start":{"line":39,"column":11},"end":{"line":45,"column":5}}],"line":39}},"s":{"0":1,"1":0,"2":0,"3":0,"4":0,"5":0,"6":0,"7":0,"8":0},"f":{"0":0},"b":{"0":[0,0],"1":[0,0],"2":[0,0]},"_coverageSchema":"332fd63041d2c1bcb487cc26dd0d5f7d97098a6c","hash":"d5b3dc4379eba242c5ae1f9a9a618371c396a683"}
,"/home/cbaez/Desktop/Ejercicio Arzion/package-delivery/api/helpers/init/add-default-warehouses.js": {"path":"/home/cbaez/Desktop/Ejercicio Arzion/package-delivery/api/helpers/init/add-default-warehouses.js","statementMap":{"0":{"start":{"line":1,"column":0},"end":{"line":22,"column":2}},"1":{"start":{"line":11,"column":16},"end":{"line":11,"column":96}},"2":{"start":{"line":12,"column":17},"end":{"line":12,"column":248}},"3":{"start":{"line":13,"column":17},"end":{"line":13,"column":65}},"4":{"start":{"line":15,"column":4},"end":{"line":17,"column":5}},"5":{"start":{"line":16,"column":6},"end":{"line":16,"column":134}},"6":{"start":{"line":19,"column":4},"end":{"line":19,"column":22}}},"fnMap":{"0":{"name":"(anonymous_0)","decl":{"start":{"line":10,"column":6},"end":{"line":10,"column":7}},"loc":{"start":{"line":10,"column":24},"end":{"line":20,"column":3}},"line":10}},"branchMap":{},"s":{"0":1,"1":0,"2":0,"3":0,"4":0,"5":0,"6":0},"f":{"0":0},"b":{},"_coverageSchema":"332fd63041d2c1bcb487cc26dd0d5f7d97098a6c","hash":"27a5585cfb83bb841339debf899e1d891bc9c7de"}
,"/home/cbaez/Desktop/Ejercicio Arzion/package-delivery/api/helpers/init/add-random-package.js": {"path":"/home/cbaez/Desktop/Ejercicio Arzion/package-delivery/api/helpers/init/add-random-package.js","statementMap":{"0":{"start":{"line":1,"column":0},"end":{"line":36,"column":2}},"1":{"start":{"line":12,"column":4},"end":{"line":30,"column":5}},"2":{"start":{"line":14,"column":17},"end":{"line":14,"column":53}},"3":{"start":{"line":15,"column":25},"end":{"line":15,"column":66}},"4":{"start":{"line":16,"column":18},"end":{"line":16,"column":61}},"5":{"start":{"line":17,"column":30},"end":{"line":17,"column":31}},"6":{"start":{"line":18,"column":25},"end":{"line":18,"column":26}},"7":{"start":{"line":20,"column":28},"end":{"line":20,"column":93}},"8":{"start":{"line":22,"column":6},"end":{"line":29,"column":9}},"9":{"start":{"line":32,"column":4},"end":{"line":32,"column":22}}},"fnMap":{"0":{"name":"(anonymous_0)","decl":{"start":{"line":10,"column":6},"end":{"line":10,"column":7}},"loc":{"start":{"line":10,"column":24},"end":{"line":33,"column":3}},"line":10}},"branchMap":{},"s":{"0":1,"1":0,"2":0,"3":0,"4":0,"5":0,"6":0,"7":0,"8":0,"9":0},"f":{"0":0},"b":{},"_coverageSchema":"332fd63041d2c1bcb487cc26dd0d5f7d97098a6c","hash":"298e995de914c744a7d8f1571f34e06195ebaf22"}
,"/home/cbaez/Desktop/Ejercicio Arzion/package-delivery/api/helpers/maps/get-distance.js": {"path":"/home/cbaez/Desktop/Ejercicio Arzion/package-delivery/api/helpers/maps/get-distance.js","statementMap":{"0":{"start":{"line":1,"column":15},"end":{"line":1,"column":48}},"1":{"start":{"line":3,"column":0},"end":{"line":53,"column":2}},"2":{"start":{"line":28,"column":18},"end":{"line":28,"column":33}},"3":{"start":{"line":29,"column":23},"end":{"line":29,"column":43}},"4":{"start":{"line":31,"column":4},"end":{"line":31,"column":29}},"5":{"start":{"line":33,"column":4},"end":{"line":49,"column":7}},"6":{"start":{"line":34,"column":6},"end":{"line":35,"column":31}},"7":{"start":{"line":35,"column":7},"end":{"line":35,"column":30}},"8":{"start":{"line":37,"column":6},"end":{"line":40,"column":7}},"9":{"start":{"line":38,"column":8},"end":{"line":38,"column":46}},"10":{"start":{"line":39,"column":8},"end":{"line":39,"column":32}},"11":{"start":{"line":42,"column":6},"end":{"line":45,"column":7}},"12":{"start":{"line":43,"column":8},"end":{"line":43,"column":46}},"13":{"start":{"line":44,"column":8},"end":{"line":44,"column":32}},"14":{"start":{"line":47,"column":21},"end":{"line":47,"column":65}},"15":{"start":{"line":48,"column":6},"end":{"line":48,"column":36}}},"fnMap":{"0":{"name":"(anonymous_0)","decl":{"start":{"line":26,"column":6},"end":{"line":26,"column":7}},"loc":{"start":{"line":26,"column":37},"end":{"line":50,"column":3}},"line":26},"1":{"name":"(anonymous_1)","decl":{"start":{"line":33,"column":49},"end":{"line":33,"column":50}},"loc":{"start":{"line":33,"column":69},"end":{"line":49,"column":5}},"line":33}},"branchMap":{"0":{"loc":{"start":{"line":34,"column":6},"end":{"line":35,"column":31}},"type":"if","locations":[{"start":{"line":34,"column":6},"end":{"line":35,"column":31}},{"start":{"line":34,"column":6},"end":{"line":35,"column":31}}],"line":34},"1":{"loc":{"start":{"line":37,"column":6},"end":{"line":40,"column":7}},"type":"if","locations":[{"start":{"line":37,"column":6},"end":{"line":40,"column":7}},{"start":{"line":37,"column":6},"end":{"line":40,"column":7}}],"line":37},"2":{"loc":{"start":{"line":42,"column":6},"end":{"line":45,"column":7}},"type":"if","locations":[{"start":{"line":42,"column":6},"end":{"line":45,"column":7}},{"start":{"line":42,"column":6},"end":{"line":45,"column":7}}],"line":42}},"s":{"0":1,"1":1,"2":0,"3":0,"4":0,"5":0,"6":0,"7":0,"8":0,"9":0,"10":0,"11":0,"12":0,"13":0,"14":0,"15":0},"f":{"0":0,"1":0},"b":{"0":[0,0],"1":[0,0],"2":[0,0]},"_coverageSchema":"332fd63041d2c1bcb487cc26dd0d5f7d97098a6c","hash":"28147a05a6ab08d6dee3286e1aa5bd9deac9c9b8"}
,"/home/cbaez/Desktop/Ejercicio Arzion/package-delivery/api/helpers/other/check-all-warehouses-space.js": {"path":"/home/cbaez/Desktop/Ejercicio Arzion/package-delivery/api/helpers/other/check-all-warehouses-space.js","statementMap":{"0":{"start":{"line":1,"column":0},"end":{"line":21,"column":2}},"1":{"start":{"line":10,"column":21},"end":{"line":10,"column":68}},"2":{"start":{"line":12,"column":4},"end":{"line":16,"column":5}},"3":{"start":{"line":14,"column":6},"end":{"line":14,"column":92}}},"fnMap":{"0":{"name":"(anonymous_0)","decl":{"start":{"line":9,"column":6},"end":{"line":9,"column":7}},"loc":{"start":{"line":9,"column":24},"end":{"line":18,"column":3}},"line":9}},"branchMap":{},"s":{"0":1,"1":0,"2":0,"3":0},"f":{"0":0},"b":{},"_coverageSchema":"332fd63041d2c1bcb487cc26dd0d5f7d97098a6c","hash":"c8991d4070f03cc735835094ff9740f741b900fa"}
,"/home/cbaez/Desktop/Ejercicio Arzion/package-delivery/api/helpers/other/check-warehouse-space.js": {"path":"/home/cbaez/Desktop/Ejercicio Arzion/package-delivery/api/helpers/other/check-warehouse-space.js","statementMap":{"0":{"start":{"line":1,"column":0},"end":{"line":32,"column":2}},"1":{"start":{"line":19,"column":17},"end":{"line":19,"column":100}},"2":{"start":{"line":21,"column":4},"end":{"line":25,"column":5}},"3":{"start":{"line":22,"column":6},"end":{"line":22,"column":154}},"4":{"start":{"line":24,"column":6},"end":{"line":24,"column":155}},"5":{"start":{"line":27,"column":4},"end":{"line":27,"column":37}}},"fnMap":{"0":{"name":"(anonymous_0)","decl":{"start":{"line":17,"column":6},"end":{"line":17,"column":7}},"loc":{"start":{"line":17,"column":37},"end":{"line":29,"column":3}},"line":17}},"branchMap":{"0":{"loc":{"start":{"line":21,"column":4},"end":{"line":25,"column":5}},"type":"if","locations":[{"start":{"line":21,"column":4},"end":{"line":25,"column":5}},{"start":{"line":21,"column":4},"end":{"line":25,"column":5}}],"line":21}},"s":{"0":1,"1":0,"2":0,"3":0,"4":0,"5":0},"f":{"0":0},"b":{"0":[0,0]},"_coverageSchema":"332fd63041d2c1bcb487cc26dd0d5f7d97098a6c","hash":"610beec7b66a8325ff755e992ec80542318262b2"}
,"/home/cbaez/Desktop/Ejercicio Arzion/package-delivery/api/helpers/other/get-package-state.js": {"path":"/home/cbaez/Desktop/Ejercicio Arzion/package-delivery/api/helpers/other/get-package-state.js","statementMap":{"0":{"start":{"line":1,"column":0},"end":{"line":31,"column":2}},"1":{"start":{"line":11,"column":17},"end":{"line":14,"column":5}},"2":{"start":{"line":17,"column":16},"end":{"line":17,"column":18}},"3":{"start":{"line":18,"column":4},"end":{"line":24,"column":5}},"4":{"start":{"line":19,"column":6},"end":{"line":23,"column":7}},"5":{"start":{"line":20,"column":8},"end":{"line":22,"column":9}},"6":{"start":{"line":21,"column":10},"end":{"line":21,"column":28}},"7":{"start":{"line":26,"column":4},"end":{"line":26,"column":59}}},"fnMap":{"0":{"name":"(anonymous_0)","decl":{"start":{"line":9,"column":6},"end":{"line":9,"column":7}},"loc":{"start":{"line":9,"column":24},"end":{"line":28,"column":3}},"line":9}},"branchMap":{"0":{"loc":{"start":{"line":19,"column":6},"end":{"line":23,"column":7}},"type":"if","locations":[{"start":{"line":19,"column":6},"end":{"line":23,"column":7}},{"start":{"line":19,"column":6},"end":{"line":23,"column":7}}],"line":19}},"s":{"0":1,"1":0,"2":0,"3":0,"4":0,"5":0,"6":0,"7":0},"f":{"0":0},"b":{"0":[0,0]},"_coverageSchema":"332fd63041d2c1bcb487cc26dd0d5f7d97098a6c","hash":"f5258d3ae22509291784bd2838985f6c1c99fc29"}
,"/home/cbaez/Desktop/Ejercicio Arzion/package-delivery/api/helpers/other/get-random-date.js": {"path":"/home/cbaez/Desktop/Ejercicio Arzion/package-delivery/api/helpers/other/get-random-date.js","statementMap":{"0":{"start":{"line":1,"column":0},"end":{"line":18,"column":2}},"1":{"start":{"line":12,"column":23},"end":{"line":12,"column":33}},"2":{"start":{"line":14,"column":4},"end":{"line":14,"column":24}}},"fnMap":{"0":{"name":"(anonymous_0)","decl":{"start":{"line":9,"column":6},"end":{"line":9,"column":7}},"loc":{"start":{"line":9,"column":30},"end":{"line":15,"column":3}},"line":9}},"branchMap":{},"s":{"0":1,"1":0,"2":0},"f":{"0":0},"b":{},"_coverageSchema":"332fd63041d2c1bcb487cc26dd0d5f7d97098a6c","hash":"c62f4dccd65d77abe1d208410fe3e48696642de2"}
,"/home/cbaez/Desktop/Ejercicio Arzion/package-delivery/api/helpers/other/get-random-location.js": {"path":"/home/cbaez/Desktop/Ejercicio Arzion/package-delivery/api/helpers/other/get-random-location.js","statementMap":{"0":{"start":{"line":1,"column":0},"end":{"line":1193,"column":2}},"1":{"start":{"line":20,"column":25},"end":{"line":1186,"column":5}},"2":{"start":{"line":1188,"column":4},"end":{"line":1188,"column":43}}},"fnMap":{"0":{"name":"(anonymous_0)","decl":{"start":{"line":18,"column":6},"end":{"line":18,"column":7}},"loc":{"start":{"line":18,"column":30},"end":{"line":1190,"column":3}},"line":18}},"branchMap":{},"s":{"0":1,"1":0,"2":0},"f":{"0":0},"b":{},"_coverageSchema":"332fd63041d2c1bcb487cc26dd0d5f7d97098a6c","hash":"429426451cc915bd9393b669d6e3d1266db56dea"}
,"/home/cbaez/Desktop/Ejercicio Arzion/package-delivery/api/helpers/other/get-warehouses-by-proximity.js": {"path":"/home/cbaez/Desktop/Ejercicio Arzion/package-delivery/api/helpers/other/get-warehouses-by-proximity.js","statementMap":{"0":{"start":{"line":1,"column":0},"end":{"line":48,"column":2}},"1":{"start":{"line":21,"column":21},"end":{"line":21,"column":68}},"2":{"start":{"line":23,"column":19},"end":{"line":23,"column":21}},"3":{"start":{"line":25,"column":4},"end":{"line":32,"column":5}},"4":{"start":{"line":27,"column":22},"end":{"line":27,"column":35}},"5":{"start":{"line":28,"column":17},"end":{"line":28,"column":31}},"6":{"start":{"line":30,"column":6},"end":{"line":30,"column":115}},"7":{"start":{"line":34,"column":24},"end":{"line":34,"column":51}},"8":{"start":{"line":36,"column":4},"end":{"line":38,"column":5}},"9":{"start":{"line":37,"column":6},"end":{"line":37,"column":48}},"10":{"start":{"line":40,"column":4},"end":{"line":42,"column":7}},"11":{"start":{"line":41,"column":6},"end":{"line":41,"column":37}},"12":{"start":{"line":44,"column":4},"end":{"line":44,"column":22}}},"fnMap":{"0":{"name":"(anonymous_0)","decl":{"start":{"line":19,"column":6},"end":{"line":19,"column":7}},"loc":{"start":{"line":19,"column":30},"end":{"line":45,"column":3}},"line":19},"1":{"name":"(anonymous_1)","decl":{"start":{"line":40,"column":20},"end":{"line":40,"column":21}},"loc":{"start":{"line":40,"column":30},"end":{"line":42,"column":5}},"line":40}},"branchMap":{},"s":{"0":1,"1":0,"2":0,"3":0,"4":0,"5":0,"6":0,"7":0,"8":0,"9":0,"10":0,"11":0,"12":0},"f":{"0":0,"1":0},"b":{},"_coverageSchema":"332fd63041d2c1bcb487cc26dd0d5f7d97098a6c","hash":"4207852d84de27008c75c42037cc2a4b8a05e017"}
,"/home/cbaez/Desktop/Ejercicio Arzion/package-delivery/api/helpers/other/simulate-delivery-time.js": {"path":"/home/cbaez/Desktop/Ejercicio Arzion/package-delivery/api/helpers/other/simulate-delivery-time.js","statementMap":{"0":{"start":{"line":1,"column":0},"end":{"line":21,"column":2}},"1":{"start":{"line":10,"column":14},"end":{"line":10,"column":15}},"2":{"start":{"line":11,"column":14},"end":{"line":11,"column":15}},"3":{"start":{"line":12,"column":15},"end":{"line":12,"column":64}},"4":{"start":{"line":13,"column":4},"end":{"line":13,"column":49}},"5":{"start":{"line":16,"column":4},"end":{"line":16,"column":67}},"6":{"start":{"line":16,"column":33},"end":{"line":16,"column":65}},"7":{"start":{"line":18,"column":4},"end":{"line":18,"column":37}}},"fnMap":{"0":{"name":"(anonymous_0)","decl":{"start":{"line":9,"column":6},"end":{"line":9,"column":7}},"loc":{"start":{"line":9,"column":37},"end":{"line":19,"column":3}},"line":9},"1":{"name":"(anonymous_1)","decl":{"start":{"line":16,"column":22},"end":{"line":16,"column":23}},"loc":{"start":{"line":16,"column":33},"end":{"line":16,"column":65}},"line":16}},"branchMap":{},"s":{"0":1,"1":0,"2":0,"3":0,"4":0,"5":0,"6":0,"7":0},"f":{"0":0,"1":0},"b":{},"_coverageSchema":"332fd63041d2c1bcb487cc26dd0d5f7d97098a6c","hash":"6afdf42ea5c595fec175e4836138ce9726004bc8"}
,"/home/cbaez/Desktop/Ejercicio Arzion/package-delivery/api/helpers/other/warehouse-is-full.js": {"path":"/home/cbaez/Desktop/Ejercicio Arzion/package-delivery/api/helpers/other/warehouse-is-full.js","statementMap":{"0":{"start":{"line":1,"column":0},"end":{"line":35,"column":2}},"1":{"start":{"line":21,"column":20},"end":{"line":21,"column":107}},"2":{"start":{"line":23,"column":16},"end":{"line":23,"column":34}},"3":{"start":{"line":24,"column":19},"end":{"line":24,"column":40}},"4":{"start":{"line":25,"column":19},"end":{"line":25,"column":56}},"5":{"start":{"line":27,"column":4},"end":{"line":31,"column":5}},"6":{"start":{"line":28,"column":6},"end":{"line":28,"column":18}},"7":{"start":{"line":30,"column":6},"end":{"line":30,"column":19}}},"fnMap":{"0":{"name":"(anonymous_0)","decl":{"start":{"line":20,"column":6},"end":{"line":20,"column":7}},"loc":{"start":{"line":20,"column":30},"end":{"line":32,"column":3}},"line":20}},"branchMap":{"0":{"loc":{"start":{"line":27,"column":4},"end":{"line":31,"column":5}},"type":"if","locations":[{"start":{"line":27,"column":4},"end":{"line":31,"column":5}},{"start":{"line":27,"column":4},"end":{"line":31,"column":5}}],"line":27}},"s":{"0":1,"1":0,"2":0,"3":0,"4":0,"5":0,"6":0,"7":0},"f":{"0":0},"b":{"0":[0,0]},"_coverageSchema":"332fd63041d2c1bcb487cc26dd0d5f7d97098a6c","hash":"8191af3cf586dcc3a6f2269d921281ee2c1e6aa7"}
,"/home/cbaez/Desktop/Ejercicio Arzion/package-delivery/api/helpers/service/process-all-packages-at-main-office.js": {"path":"/home/cbaez/Desktop/Ejercicio Arzion/package-delivery/api/helpers/service/process-all-packages-at-main-office.js","statementMap":{"0":{"start":{"line":1,"column":13},"end":{"line":1,"column":30}},"1":{"start":{"line":3,"column":0},"end":{"line":32,"column":2}},"2":{"start":{"line":15,"column":18},"end":{"line":15,"column":57}},"3":{"start":{"line":17,"column":18},"end":{"line":20,"column":5}},"4":{"start":{"line":22,"column":31},"end":{"line":22,"column":100}},"5":{"start":{"line":24,"column":4},"end":{"line":26,"column":5}},"6":{"start":{"line":25,"column":6},"end":{"line":25,"column":104}},"7":{"start":{"line":28,"column":5},"end":{"line":28,"column":23}}},"fnMap":{"0":{"name":"(anonymous_0)","decl":{"start":{"line":12,"column":6},"end":{"line":12,"column":7}},"loc":{"start":{"line":12,"column":29},"end":{"line":30,"column":3}},"line":12}},"branchMap":{},"s":{"0":1,"1":1,"2":0,"3":0,"4":0,"5":0,"6":0,"7":0},"f":{"0":0},"b":{},"_coverageSchema":"332fd63041d2c1bcb487cc26dd0d5f7d97098a6c","hash":"632f9a40112902eef90cf61a96f998dd2c67036a"}
,"/home/cbaez/Desktop/Ejercicio Arzion/package-delivery/api/helpers/service/process-all-packages-at-warehouse.js": {"path":"/home/cbaez/Desktop/Ejercicio Arzion/package-delivery/api/helpers/service/process-all-packages-at-warehouse.js","statementMap":{"0":{"start":{"line":1,"column":13},"end":{"line":1,"column":30}},"1":{"start":{"line":3,"column":0},"end":{"line":43,"column":2}},"2":{"start":{"line":14,"column":21},"end":{"line":14,"column":60}},"3":{"start":{"line":16,"column":19},"end":{"line":19,"column":5}},"4":{"start":{"line":21,"column":25},"end":{"line":21,"column":94}},"5":{"start":{"line":23,"column":19},"end":{"line":23,"column":21}},"6":{"start":{"line":25,"column":4},"end":{"line":28,"column":5}},"7":{"start":{"line":26,"column":6},"end":{"line":26,"column":33}},"8":{"start":{"line":27,"column":6},"end":{"line":27,"column":106}},"9":{"start":{"line":30,"column":4},"end":{"line":38,"column":6}},"10":{"start":{"line":32,"column":5},"end":{"line":32,"column":57}},"11":{"start":{"line":33,"column":5},"end":{"line":33,"column":23}},"12":{"start":{"line":36,"column":5},"end":{"line":36,"column":22}},"13":{"start":{"line":37,"column":5},"end":{"line":37,"column":20}}},"fnMap":{"0":{"name":"(anonymous_0)","decl":{"start":{"line":12,"column":6},"end":{"line":12,"column":7}},"loc":{"start":{"line":12,"column":29},"end":{"line":40,"column":3}},"line":12},"1":{"name":"(anonymous_1)","decl":{"start":{"line":31,"column":9},"end":{"line":31,"column":10}},"loc":{"start":{"line":31,"column":25},"end":{"line":34,"column":4}},"line":31},"2":{"name":"(anonymous_2)","decl":{"start":{"line":35,"column":10},"end":{"line":35,"column":11}},"loc":{"start":{"line":35,"column":19},"end":{"line":38,"column":4}},"line":35}},"branchMap":{},"s":{"0":1,"1":1,"2":1,"3":1,"4":1,"5":1,"6":1,"7":119,"8":119,"9":1,"10":0,"11":0,"12":1,"13":1},"f":{"0":1,"1":0,"2":1},"b":{},"_coverageSchema":"332fd63041d2c1bcb487cc26dd0d5f7d97098a6c","hash":"71b4ffea0883bf201ccf78d549197f614e396ee6"}
,"/home/cbaez/Desktop/Ejercicio Arzion/package-delivery/api/helpers/service/process-package-at-main-office.js": {"path":"/home/cbaez/Desktop/Ejercicio Arzion/package-delivery/api/helpers/service/process-package-at-main-office.js","statementMap":{"0":{"start":{"line":1,"column":0},"end":{"line":97,"column":2}},"1":{"start":{"line":21,"column":38},"end":{"line":21,"column":149}},"2":{"start":{"line":23,"column":27},"end":{"line":23,"column":57}},"3":{"start":{"line":25,"column":4},"end":{"line":27,"column":5}},"4":{"start":{"line":26,"column":6},"end":{"line":26,"column":54}},"5":{"start":{"line":29,"column":4},"end":{"line":29,"column":75}},"6":{"start":{"line":31,"column":4},"end":{"line":93,"column":5}},"7":{"start":{"line":32,"column":6},"end":{"line":32,"column":172}},"8":{"start":{"line":33,"column":6},"end":{"line":33,"column":151}},"9":{"start":{"line":34,"column":6},"end":{"line":34,"column":95}},"10":{"start":{"line":35,"column":6},"end":{"line":35,"column":85}},"11":{"start":{"line":36,"column":6},"end":{"line":36,"column":39}},"12":{"start":{"line":39,"column":6},"end":{"line":85,"column":7}},"13":{"start":{"line":40,"column":34},"end":{"line":40,"column":64}},"14":{"start":{"line":42,"column":8},"end":{"line":84,"column":9}},"15":{"start":{"line":43,"column":10},"end":{"line":43,"column":19}},"16":{"start":{"line":45,"column":10},"end":{"line":45,"column":88}},"17":{"start":{"line":48,"column":41},"end":{"line":48,"column":66}},"18":{"start":{"line":49,"column":10},"end":{"line":49,"column":82}},"19":{"start":{"line":50,"column":10},"end":{"line":50,"column":87}},"20":{"start":{"line":53,"column":41},"end":{"line":53,"column":140}},"21":{"start":{"line":54,"column":10},"end":{"line":54,"column":73}},"22":{"start":{"line":55,"column":10},"end":{"line":55,"column":118}},"23":{"start":{"line":58,"column":40},"end":{"line":58,"column":68}},"24":{"start":{"line":59,"column":10},"end":{"line":59,"column":80}},"25":{"start":{"line":60,"column":10},"end":{"line":60,"column":85}},"26":{"start":{"line":63,"column":40},"end":{"line":63,"column":107}},"27":{"start":{"line":64,"column":10},"end":{"line":64,"column":71}},"28":{"start":{"line":65,"column":10},"end":{"line":65,"column":119}},"29":{"start":{"line":67,"column":10},"end":{"line":81,"column":11}},"30":{"start":{"line":70,"column":41},"end":{"line":70,"column":99}},"31":{"start":{"line":71,"column":12},"end":{"line":71,"column":176}},"32":{"start":{"line":72,"column":12},"end":{"line":72,"column":97}},"33":{"start":{"line":77,"column":12},"end":{"line":77,"column":181}},"34":{"start":{"line":78,"column":12},"end":{"line":78,"column":160}},"35":{"start":{"line":79,"column":12},"end":{"line":79,"column":104}},"36":{"start":{"line":80,"column":12},"end":{"line":80,"column":115}},"37":{"start":{"line":83,"column":10},"end":{"line":83,"column":43}},"38":{"start":{"line":88,"column":35},"end":{"line":88,"column":93}},"39":{"start":{"line":89,"column":6},"end":{"line":89,"column":170}},"40":{"start":{"line":90,"column":6},"end":{"line":90,"column":116}},"41":{"start":{"line":92,"column":6},"end":{"line":92,"column":39}}},"fnMap":{"0":{"name":"(anonymous_0)","decl":{"start":{"line":19,"column":6},"end":{"line":19,"column":7}},"loc":{"start":{"line":19,"column":37},"end":{"line":94,"column":3}},"line":19}},"branchMap":{"0":{"loc":{"start":{"line":25,"column":4},"end":{"line":27,"column":5}},"type":"if","locations":[{"start":{"line":25,"column":4},"end":{"line":27,"column":5}},{"start":{"line":25,"column":4},"end":{"line":27,"column":5}}],"line":25},"1":{"loc":{"start":{"line":31,"column":4},"end":{"line":93,"column":5}},"type":"if","locations":[{"start":{"line":31,"column":4},"end":{"line":93,"column":5}},{"start":{"line":31,"column":4},"end":{"line":93,"column":5}}],"line":31},"2":{"loc":{"start":{"line":42,"column":8},"end":{"line":84,"column":9}},"type":"if","locations":[{"start":{"line":42,"column":8},"end":{"line":84,"column":9}},{"start":{"line":42,"column":8},"end":{"line":84,"column":9}}],"line":42},"3":{"loc":{"start":{"line":67,"column":10},"end":{"line":81,"column":11}},"type":"if","locations":[{"start":{"line":67,"column":10},"end":{"line":81,"column":11}},{"start":{"line":67,"column":10},"end":{"line":81,"column":11}}],"line":67}},"s":{"0":1,"1":0,"2":0,"3":0,"4":0,"5":0,"6":0,"7":0,"8":0,"9":0,"10":0,"11":0,"12":0,"13":0,"14":0,"15":0,"16":0,"17":0,"18":0,"19":0,"20":0,"21":0,"22":0,"23":0,"24":0,"25":0,"26":0,"27":0,"28":0,"29":0,"30":0,"31":0,"32":0,"33":0,"34":0,"35":0,"36":0,"37":0,"38":0,"39":0,"40":0,"41":0},"f":{"0":0},"b":{"0":[0,0],"1":[0,0],"2":[0,0],"3":[0,0]},"_coverageSchema":"332fd63041d2c1bcb487cc26dd0d5f7d97098a6c","hash":"71a0c2a310e99c55b8e3500c80f4e54b6771ad41"}
,"/home/cbaez/Desktop/Ejercicio Arzion/package-delivery/api/helpers/service/process-package-at-warehouse.js": {"path":"/home/cbaez/Desktop/Ejercicio Arzion/package-delivery/api/helpers/service/process-package-at-warehouse.js","statementMap":{"0":{"start":{"line":1,"column":0},"end":{"line":64,"column":2}},"1":{"start":{"line":20,"column":20},"end":{"line":20,"column":115}},"2":{"start":{"line":21,"column":28},"end":{"line":21,"column":45}},"3":{"start":{"line":22,"column":26},"end":{"line":22,"column":56}},"4":{"start":{"line":23,"column":4},"end":{"line":23,"column":61}},"5":{"start":{"line":26,"column":19},"end":{"line":26,"column":121}},"6":{"start":{"line":27,"column":4},"end":{"line":27,"column":44}},"7":{"start":{"line":28,"column":4},"end":{"line":28,"column":42}},"8":{"start":{"line":31,"column":15},"end":{"line":31,"column":97}},"9":{"start":{"line":32,"column":4},"end":{"line":32,"column":27}},"10":{"start":{"line":33,"column":4},"end":{"line":33,"column":34}},"11":{"start":{"line":36,"column":19},"end":{"line":36,"column":67}},"12":{"start":{"line":37,"column":4},"end":{"line":37,"column":43}},"13":{"start":{"line":40,"column":4},"end":{"line":40,"column":115}},"14":{"start":{"line":43,"column":4},"end":{"line":43,"column":53}},"15":{"start":{"line":46,"column":20},"end":{"line":46,"column":40}},"16":{"start":{"line":47,"column":4},"end":{"line":47,"column":59}},"17":{"start":{"line":49,"column":4},"end":{"line":49,"column":44}},"18":{"start":{"line":50,"column":4},"end":{"line":50,"column":43}},"19":{"start":{"line":53,"column":4},"end":{"line":53,"column":125}},"20":{"start":{"line":56,"column":4},"end":{"line":58,"column":5}},"21":{"start":{"line":57,"column":6},"end":{"line":57,"column":150}},"22":{"start":{"line":60,"column":4},"end":{"line":60,"column":55}},"23":{"start":{"line":62,"column":4},"end":{"line":62,"column":37}}},"fnMap":{"0":{"name":"(anonymous_0)","decl":{"start":{"line":17,"column":6},"end":{"line":17,"column":7}},"loc":{"start":{"line":17,"column":37},"end":{"line":63,"column":3}},"line":17}},"branchMap":{"0":{"loc":{"start":{"line":56,"column":4},"end":{"line":58,"column":5}},"type":"if","locations":[{"start":{"line":56,"column":4},"end":{"line":58,"column":5}},{"start":{"line":56,"column":4},"end":{"line":58,"column":5}}],"line":56}},"s":{"0":1,"1":119,"2":0,"3":0,"4":0,"5":0,"6":0,"7":0,"8":0,"9":0,"10":0,"11":0,"12":0,"13":0,"14":0,"15":0,"16":0,"17":0,"18":0,"19":0,"20":0,"21":0,"22":0,"23":0},"f":{"0":119},"b":{"0":[0,0]},"_coverageSchema":"332fd63041d2c1bcb487cc26dd0d5f7d97098a6c","hash":"95f6b1c2290e8bd17a207886e7c1a3b66177ccc2"}
,"/home/cbaez/Desktop/Ejercicio Arzion/package-delivery/api/models/Package.js": {"path":"/home/cbaez/Desktop/Ejercicio Arzion/package-delivery/api/models/Package.js","statementMap":{"0":{"start":{"line":8,"column":0},"end":{"line":39,"column":2}}},"fnMap":{},"branchMap":{},"s":{"0":1},"f":{},"b":{},"_coverageSchema":"332fd63041d2c1bcb487cc26dd0d5f7d97098a6c","hash":"782ee0213fb8a0a20e362080430c5428c16ee888"}
,"/home/cbaez/Desktop/Ejercicio Arzion/package-delivery/api/models/Warehouse.js": {"path":"/home/cbaez/Desktop/Ejercicio Arzion/package-delivery/api/models/Warehouse.js","statementMap":{"0":{"start":{"line":8,"column":0},"end":{"line":31,"column":2}}},"fnMap":{},"branchMap":{},"s":{"0":1},"f":{},"b":{},"_coverageSchema":"332fd63041d2c1bcb487cc26dd0d5f7d97098a6c","hash":"59b4eab405b55b1c72426db5e5956a1fc9e881c6"}
,"/home/cbaez/Desktop/Ejercicio Arzion/package-delivery/config/blueprints.js": {"path":"/home/cbaez/Desktop/Ejercicio Arzion/package-delivery/config/blueprints.js","statementMap":{"0":{"start":{"line":12,"column":0},"end":{"line":41,"column":2}}},"fnMap":{},"branchMap":{},"s":{"0":1},"f":{},"b":{},"_coverageSchema":"332fd63041d2c1bcb487cc26dd0d5f7d97098a6c","hash":"966a88ff386b25662e15728abecaaaa98df861b5"}
,"/home/cbaez/Desktop/Ejercicio Arzion/package-delivery/config/bootstrap.js": {"path":"/home/cbaez/Desktop/Ejercicio Arzion/package-delivery/config/bootstrap.js","statementMap":{"0":{"start":{"line":12,"column":0},"end":{"line":30,"column":2}}},"fnMap":{"0":{"name":"(anonymous_0)","decl":{"start":{"line":12,"column":27},"end":{"line":12,"column":28}},"loc":{"start":{"line":12,"column":44},"end":{"line":30,"column":1}},"line":12}},"branchMap":{},"s":{"0":1},"f":{"0":1},"b":{},"_coverageSchema":"332fd63041d2c1bcb487cc26dd0d5f7d97098a6c","hash":"f9f52794c1d0caf0b349dce962554a83d6accab4"}
,"/home/cbaez/Desktop/Ejercicio Arzion/package-delivery/config/custom.js": {"path":"/home/cbaez/Desktop/Ejercicio Arzion/package-delivery/config/custom.js","statementMap":{"0":{"start":{"line":11,"column":0},"end":{"line":23,"column":2}}},"fnMap":{},"branchMap":{},"s":{"0":1},"f":{},"b":{},"_coverageSchema":"332fd63041d2c1bcb487cc26dd0d5f7d97098a6c","hash":"66204f8221eb2d52bff7f135d12a19f3b0b8700b"}
,"/home/cbaez/Desktop/Ejercicio Arzion/package-delivery/config/datastores.js": {"path":"/home/cbaez/Desktop/Ejercicio Arzion/package-delivery/config/datastores.js","statementMap":{"0":{"start":{"line":16,"column":0},"end":{"line":56,"column":2}}},"fnMap":{},"branchMap":{},"s":{"0":1},"f":{},"b":{},"_coverageSchema":"332fd63041d2c1bcb487cc26dd0d5f7d97098a6c","hash":"cf5147eb252478ab99c6935e28970dd839a02204"}
,"/home/cbaez/Desktop/Ejercicio Arzion/package-delivery/config/globals.js": {"path":"/home/cbaez/Desktop/Ejercicio Arzion/package-delivery/config/globals.js","statementMap":{"0":{"start":{"line":12,"column":0},"end":{"line":63,"column":2}}},"fnMap":{},"branchMap":{},"s":{"0":1},"f":{},"b":{},"_coverageSchema":"332fd63041d2c1bcb487cc26dd0d5f7d97098a6c","hash":"b4efc2a34fa95f20a2c4654bf221cc0103a80713"}
,"/home/cbaez/Desktop/Ejercicio Arzion/package-delivery/config/http.js": {"path":"/home/cbaez/Desktop/Ejercicio Arzion/package-delivery/config/http.js","statementMap":{"0":{"start":{"line":12,"column":0},"end":{"line":60,"column":2}}},"fnMap":{},"branchMap":{},"s":{"0":1},"f":{},"b":{},"_coverageSchema":"332fd63041d2c1bcb487cc26dd0d5f7d97098a6c","hash":"526174d7d0f4b74e1a6e22fab4385934dd46d598"}
,"/home/cbaez/Desktop/Ejercicio Arzion/package-delivery/config/i18n.js": {"path":"/home/cbaez/Desktop/Ejercicio Arzion/package-delivery/config/i18n.js","statementMap":{"0":{"start":{"line":15,"column":0},"end":{"line":45,"column":2}}},"fnMap":{},"branchMap":{},"s":{"0":1},"f":{},"b":{},"_coverageSchema":"332fd63041d2c1bcb487cc26dd0d5f7d97098a6c","hash":"f7d982609d0af64e600f6ebc7d05dc100dd18206"}
,"/home/cbaez/Desktop/Ejercicio Arzion/package-delivery/config/local.js": {"path":"/home/cbaez/Desktop/Ejercicio Arzion/package-delivery/config/local.js","statementMap":{"0":{"start":{"line":11,"column":0},"end":{"line":16,"column":2}}},"fnMap":{},"branchMap":{},"s":{"0":1},"f":{},"b":{},"_coverageSchema":"332fd63041d2c1bcb487cc26dd0d5f7d97098a6c","hash":"8d3ff6d5605e734a75194dc4e0f29ac108aec197"}
,"/home/cbaez/Desktop/Ejercicio Arzion/package-delivery/config/log.js": {"path":"/home/cbaez/Desktop/Ejercicio Arzion/package-delivery/config/log.js","statementMap":{"0":{"start":{"line":13,"column":0},"end":{"line":29,"column":2}}},"fnMap":{},"branchMap":{},"s":{"0":1},"f":{},"b":{},"_coverageSchema":"332fd63041d2c1bcb487cc26dd0d5f7d97098a6c","hash":"8df9c960e73f7c61712aa0928f16a76c35562682"}
,"/home/cbaez/Desktop/Ejercicio Arzion/package-delivery/config/models.js": {"path":"/home/cbaez/Desktop/Ejercicio Arzion/package-delivery/config/models.js","statementMap":{"0":{"start":{"line":16,"column":0},"end":{"line":124,"column":2}}},"fnMap":{},"branchMap":{},"s":{"0":1},"f":{},"b":{},"_coverageSchema":"332fd63041d2c1bcb487cc26dd0d5f7d97098a6c","hash":"036c0e21ee333087f29f99fc13297710a9b7aadb"}
,"/home/cbaez/Desktop/Ejercicio Arzion/package-delivery/config/policies.js": {"path":"/home/cbaez/Desktop/Ejercicio Arzion/package-delivery/config/policies.js","statementMap":{"0":{"start":{"line":11,"column":0},"end":{"line":22,"column":2}}},"fnMap":{},"branchMap":{},"s":{"0":1},"f":{},"b":{},"_coverageSchema":"332fd63041d2c1bcb487cc26dd0d5f7d97098a6c","hash":"efc252bf4369b5c08100006389017186dc4ef652"}
,"/home/cbaez/Desktop/Ejercicio Arzion/package-delivery/config/routes.js": {"path":"/home/cbaez/Desktop/Ejercicio Arzion/package-delivery/config/routes.js","statementMap":{"0":{"start":{"line":11,"column":0},"end":{"line":40,"column":2}}},"fnMap":{},"branchMap":{},"s":{"0":1},"f":{},"b":{},"_coverageSchema":"332fd63041d2c1bcb487cc26dd0d5f7d97098a6c","hash":"c155285da5882d54fc8ccc4626519e470ef02fed"}
,"/home/cbaez/Desktop/Ejercicio Arzion/package-delivery/config/security.js": {"path":"/home/cbaez/Desktop/Ejercicio Arzion/package-delivery/config/security.js","statementMap":{"0":{"start":{"line":16,"column":0},"end":{"line":54,"column":2}}},"fnMap":{},"branchMap":{},"s":{"0":1},"f":{},"b":{},"_coverageSchema":"332fd63041d2c1bcb487cc26dd0d5f7d97098a6c","hash":"a9789d956c263c63ab844f96e765f9b55f914b9f"}
,"/home/cbaez/Desktop/Ejercicio Arzion/package-delivery/config/session.js": {"path":"/home/cbaez/Desktop/Ejercicio Arzion/package-delivery/config/session.js","statementMap":{"0":{"start":{"line":12,"column":0},"end":{"line":39,"column":2}}},"fnMap":{},"branchMap":{},"s":{"0":1},"f":{},"b":{},"_coverageSchema":"332fd63041d2c1bcb487cc26dd0d5f7d97098a6c","hash":"2736a88b15770d50c79240fab30157cec116d7b0"}
,"/home/cbaez/Desktop/Ejercicio Arzion/package-delivery/config/sockets.js": {"path":"/home/cbaez/Desktop/Ejercicio Arzion/package-delivery/config/sockets.js","statementMap":{"0":{"start":{"line":12,"column":0},"end":{"line":82,"column":2}}},"fnMap":{},"branchMap":{},"s":{"0":1},"f":{},"b":{},"_coverageSchema":"332fd63041d2c1bcb487cc26dd0d5f7d97098a6c","hash":"f683418566288db21391f844950a225504ab5fb0"}
,"/home/cbaez/Desktop/Ejercicio Arzion/package-delivery/config/views.js": {"path":"/home/cbaez/Desktop/Ejercicio Arzion/package-delivery/config/views.js","statementMap":{"0":{"start":{"line":17,"column":0},"end":{"line":41,"column":2}}},"fnMap":{},"branchMap":{},"s":{"0":1},"f":{},"b":{},"_coverageSchema":"332fd63041d2c1bcb487cc26dd0d5f7d97098a6c","hash":"22ec402ee0f6b5ca22764f5619381d390eff1a4f"}
,"/home/cbaez/Desktop/Ejercicio Arzion/package-delivery/jest/setup.js": {"path":"/home/cbaez/Desktop/Ejercicio Arzion/package-delivery/jest/setup.js","statementMap":{"0":{"start":{"line":1,"column":14},"end":{"line":1,"column":30}},"1":{"start":{"line":2,"column":16},"end":{"line":2,"column":36}},"2":{"start":{"line":4,"column":0},"end":{"line":10,"column":3}},"3":{"start":{"line":5,"column":2},"end":{"line":9,"column":5}},"4":{"start":{"line":6,"column":4},"end":{"line":6,"column":46}},"5":{"start":{"line":7,"column":4},"end":{"line":7,"column":47}},"6":{"start":{"line":8,"column":4},"end":{"line":8,"column":21}},"7":{"start":{"line":12,"column":0},"end":{"line":12,"column":22}}},"fnMap":{"0":{"name":"(anonymous_0)","decl":{"start":{"line":4,"column":10},"end":{"line":4,"column":11}},"loc":{"start":{"line":4,"column":18},"end":{"line":10,"column":1}},"line":4},"1":{"name":"(anonymous_1)","decl":{"start":{"line":5,"column":17},"end":{"line":5,"column":18}},"loc":{"start":{"line":5,"column":24},"end":{"line":9,"column":3}},"line":5}},"branchMap":{},"s":{"0":1,"1":1,"2":1,"3":1,"4":1,"5":1,"6":1,"7":1},"f":{"0":1,"1":1},"b":{},"_coverageSchema":"332fd63041d2c1bcb487cc26dd0d5f7d97098a6c","hash":"648b277630882155c977da2aa0b05d6e8dd90b80"}
}
