TN:
SF:/home/cbaez/Desktop/Ejercicio Arzion/package-delivery/api/controllers/LogisticController.js
FN:10,(anonymous_0)
FN:15,(anonymous_1)
FNF:2
FNH:0
FNDA:0,(anonymous_0)
FNDA:0,(anonymous_1)
DA:8,1
DA:11,0
DA:12,0
DA:16,0
DA:17,0
LF:5
LH:1
BRF:0
BRH:0
end_of_record
TN:
SF:/home/cbaez/Desktop/Ejercicio Arzion/package-delivery/api/controllers/PackageController.js
FN:10,(anonymous_0)
FNF:1
FNH:0
FNDA:0,(anonymous_0)
DA:8,1
DA:11,0
DA:12,0
LF:3
LH:1
BRF:0
BRH:0
end_of_record
TN:
SF:/home/cbaez/Desktop/Ejercicio Arzion/package-delivery/api/controllers/WarehouseController.js
FN:10,(anonymous_0)
FNF:1
FNH:0
FNDA:0,(anonymous_0)
DA:8,1
DA:11,0
DA:12,0
LF:3
LH:1
BRF:0
BRH:0
end_of_record
TN:
SF:/home/cbaez/Desktop/Ejercicio Arzion/package-delivery/api/helpers/database/add-package.js
FN:52,(anonymous_0)
FNF:1
FNH:0
FNDA:0,(anonymous_0)
DA:1,1
DA:3,1
DA:54,0
DA:56,0
DA:65,0
DA:67,0
LF:6
LH:2
BRF:0
BRH:0
end_of_record
TN:
SF:/home/cbaez/Desktop/Ejercicio Arzion/package-delivery/api/helpers/database/add-warehouse.js
FN:44,(anonymous_0)
FNF:1
FNH:0
FNDA:0,(anonymous_0)
DA:1,1
DA:45,0
DA:53,0
DA:55,0
LF:4
LH:1
BRF:0
BRH:0
end_of_record
TN:
SF:/home/cbaez/Desktop/Ejercicio Arzion/package-delivery/api/helpers/database/get-all-warehouses.js
FN:9,(anonymous_0)
FNF:1
FNH:0
FNDA:0,(anonymous_0)
DA:1,1
DA:11,0
DA:15,0
LF:3
LH:1
BRF:0
BRH:0
end_of_record
TN:
SF:/home/cbaez/Desktop/Ejercicio Arzion/package-delivery/api/helpers/database/get-packages.js
FN:19,(anonymous_0)
FNF:1
FNH:1
FNDA:1,(anonymous_0)
DA:1,1
DA:22,1
DA:25,1
LF:3
LH:3
BRF:0
BRH:0
end_of_record
TN:
SF:/home/cbaez/Desktop/Ejercicio Arzion/package-delivery/api/helpers/database/get-warehouse-by-id.js
FN:18,(anonymous_0)
FNF:1
FNH:1
FNDA:118,(anonymous_0)
DA:1,1
DA:21,118
DA:26,0
LF:3
LH:2
BRF:0
BRH:0
end_of_record
TN:
SF:/home/cbaez/Desktop/Ejercicio Arzion/package-delivery/api/helpers/database/update-full-at-warehouse.js
FN:27,(anonymous_0)
FNF:1
FNH:0
FNDA:0,(anonymous_0)
DA:3,1
DA:29,0
DA:31,0
DA:34,0
DA:36,0
LF:5
LH:1
BRF:0
BRH:0
end_of_record
TN:
SF:/home/cbaez/Desktop/Ejercicio Arzion/package-delivery/api/helpers/database/update-package.js
FN:40,(anonymous_0)
FNF:1
FNH:0
FNDA:0,(anonymous_0)
DA:1,1
DA:42,0
DA:44,0
DA:46,0
DA:47,0
DA:50,0
DA:51,0
DA:53,0
DA:54,0
DA:56,0
DA:57,0
DA:58,0
DA:61,0
DA:64,0
DA:66,0
LF:15
LH:1
BRDA:44,0,0,0
BRDA:44,0,1,0
BRDA:44,0,2,0
BRDA:44,0,3,0
BRDA:44,0,4,0
BRDA:44,0,5,0
BRF:6
BRH:0
end_of_record
TN:
SF:/home/cbaez/Desktop/Ejercicio Arzion/package-delivery/api/helpers/database/update-packages-at-warehouse.js
FN:25,(anonymous_0)
FNF:1
FNH:0
FNDA:0,(anonymous_0)
DA:1,1
DA:28,0
DA:32,0
DA:33,0
DA:35,0
LF:5
LH:1
BRF:0
BRH:0
end_of_record
TN:
SF:/home/cbaez/Desktop/Ejercicio Arzion/package-delivery/api/helpers/database/update-warehouse.js
FN:30,(anonymous_0)
FNF:1
FNH:0
FNDA:0,(anonymous_0)
DA:1,1
DA:31,0
DA:33,0
DA:35,0
DA:37,0
DA:39,0
DA:41,0
DA:44,0
DA:47,0
LF:9
LH:1
BRDA:31,0,0,0
BRDA:31,0,1,0
BRDA:35,1,0,0
BRDA:35,1,1,0
BRDA:39,2,0,0
BRDA:39,2,1,0
BRF:6
BRH:0
end_of_record
TN:
SF:/home/cbaez/Desktop/Ejercicio Arzion/package-delivery/api/helpers/init/add-default-warehouses.js
FN:10,(anonymous_0)
FNF:1
FNH:0
FNDA:0,(anonymous_0)
DA:1,1
DA:11,0
DA:12,0
DA:13,0
DA:15,0
DA:16,0
DA:19,0
LF:7
LH:1
BRF:0
BRH:0
end_of_record
TN:
SF:/home/cbaez/Desktop/Ejercicio Arzion/package-delivery/api/helpers/init/add-random-package.js
FN:10,(anonymous_0)
FNF:1
FNH:0
FNDA:0,(anonymous_0)
DA:1,1
DA:12,0
DA:14,0
DA:15,0
DA:16,0
DA:17,0
DA:18,0
DA:20,0
DA:22,0
DA:32,0
LF:10
LH:1
BRF:0
BRH:0
end_of_record
TN:
SF:/home/cbaez/Desktop/Ejercicio Arzion/package-delivery/api/helpers/maps/get-distance.js
FN:26,(anonymous_0)
FN:33,(anonymous_1)
FNF:2
FNH:0
FNDA:0,(anonymous_0)
FNDA:0,(anonymous_1)
DA:1,1
DA:3,1
DA:28,0
DA:29,0
DA:31,0
DA:33,0
DA:34,0
DA:35,0
DA:37,0
DA:38,0
DA:39,0
DA:42,0
DA:43,0
DA:44,0
DA:47,0
DA:48,0
LF:16
LH:2
BRDA:34,0,0,0
BRDA:34,0,1,0
BRDA:37,1,0,0
BRDA:37,1,1,0
BRDA:42,2,0,0
BRDA:42,2,1,0
BRF:6
BRH:0
end_of_record
TN:
SF:/home/cbaez/Desktop/Ejercicio Arzion/package-delivery/api/helpers/other/check-all-warehouses-space.js
FN:9,(anonymous_0)
FNF:1
FNH:0
FNDA:0,(anonymous_0)
DA:1,1
DA:10,0
DA:12,0
DA:14,0
LF:4
LH:1
BRF:0
BRH:0
end_of_record
TN:
SF:/home/cbaez/Desktop/Ejercicio Arzion/package-delivery/api/helpers/other/check-warehouse-space.js
FN:17,(anonymous_0)
FNF:1
FNH:0
FNDA:0,(anonymous_0)
DA:1,1
DA:19,0
DA:21,0
DA:22,0
DA:24,0
DA:27,0
LF:6
LH:1
BRDA:21,0,0,0
BRDA:21,0,1,0
BRF:2
BRH:0
end_of_record
TN:
SF:/home/cbaez/Desktop/Ejercicio Arzion/package-delivery/api/helpers/other/get-package-state.js
FN:9,(anonymous_0)
FNF:1
FNH:0
FNDA:0,(anonymous_0)
DA:1,1
DA:11,0
DA:17,0
DA:18,0
DA:19,0
DA:20,0
DA:21,0
DA:26,0
LF:8
LH:1
BRDA:19,0,0,0
BRDA:19,0,1,0
BRF:2
BRH:0
end_of_record
TN:
SF:/home/cbaez/Desktop/Ejercicio Arzion/package-delivery/api/helpers/other/get-random-date.js
FN:9,(anonymous_0)
FNF:1
FNH:0
FNDA:0,(anonymous_0)
DA:1,1
DA:12,0
DA:14,0
LF:3
LH:1
BRF:0
BRH:0
end_of_record
TN:
SF:/home/cbaez/Desktop/Ejercicio Arzion/package-delivery/api/helpers/other/get-random-location.js
FN:18,(anonymous_0)
FNF:1
FNH:0
FNDA:0,(anonymous_0)
DA:1,1
DA:20,0
DA:1188,0
LF:3
LH:1
BRF:0
BRH:0
end_of_record
TN:
SF:/home/cbaez/Desktop/Ejercicio Arzion/package-delivery/api/helpers/other/get-warehouses-by-proximity.js
FN:19,(anonymous_0)
FN:40,(anonymous_1)
FNF:2
FNH:0
FNDA:0,(anonymous_0)
FNDA:0,(anonymous_1)
DA:1,1
DA:21,0
DA:23,0
DA:25,0
DA:27,0
DA:28,0
DA:30,0
DA:34,0
DA:36,0
DA:37,0
DA:40,0
DA:41,0
DA:44,0
LF:13
LH:1
BRF:0
BRH:0
end_of_record
TN:
SF:/home/cbaez/Desktop/Ejercicio Arzion/package-delivery/api/helpers/other/simulate-delivery-time.js
FN:9,(anonymous_0)
FN:16,(anonymous_1)
FNF:2
FNH:0
FNDA:0,(anonymous_0)
FNDA:0,(anonymous_1)
DA:1,1
DA:10,0
DA:11,0
DA:12,0
DA:13,0
DA:16,0
DA:18,0
LF:7
LH:1
BRF:0
BRH:0
end_of_record
TN:
SF:/home/cbaez/Desktop/Ejercicio Arzion/package-delivery/api/helpers/other/warehouse-is-full.js
FN:20,(anonymous_0)
FNF:1
FNH:0
FNDA:0,(anonymous_0)
DA:1,1
DA:21,0
DA:23,0
DA:24,0
DA:25,0
DA:27,0
DA:28,0
DA:30,0
LF:8
LH:1
BRDA:27,0,0,0
BRDA:27,0,1,0
BRF:2
BRH:0
end_of_record
TN:
SF:/home/cbaez/Desktop/Ejercicio Arzion/package-delivery/api/helpers/service/process-all-packages-at-main-office.js
FN:12,(anonymous_0)
FNF:1
FNH:0
FNDA:0,(anonymous_0)
DA:1,1
DA:3,1
DA:15,0
DA:17,0
DA:22,0
DA:24,0
DA:25,0
DA:28,0
LF:8
LH:2
BRF:0
BRH:0
end_of_record
TN:
SF:/home/cbaez/Desktop/Ejercicio Arzion/package-delivery/api/helpers/service/process-all-packages-at-warehouse.js
FN:12,(anonymous_0)
FN:31,(anonymous_1)
FN:35,(anonymous_2)
FNF:3
FNH:2
FNDA:1,(anonymous_0)
FNDA:0,(anonymous_1)
FNDA:1,(anonymous_2)
DA:1,1
DA:3,1
DA:14,1
DA:16,1
DA:21,1
DA:23,1
DA:25,1
DA:26,119
DA:27,119
DA:30,1
DA:32,0
DA:33,0
DA:36,1
DA:37,1
LF:14
LH:12
BRF:0
BRH:0
end_of_record
TN:
SF:/home/cbaez/Desktop/Ejercicio Arzion/package-delivery/api/helpers/service/process-package-at-main-office.js
FN:19,(anonymous_0)
FNF:1
FNH:0
FNDA:0,(anonymous_0)
DA:1,1
DA:21,0
DA:23,0
DA:25,0
DA:26,0
DA:29,0
DA:31,0
DA:32,0
DA:33,0
DA:34,0
DA:35,0
DA:36,0
DA:39,0
DA:40,0
DA:42,0
DA:43,0
DA:45,0
DA:48,0
DA:49,0
DA:50,0
DA:53,0
DA:54,0
DA:55,0
DA:58,0
DA:59,0
DA:60,0
DA:63,0
DA:64,0
DA:65,0
DA:67,0
DA:70,0
DA:71,0
DA:72,0
DA:77,0
DA:78,0
DA:79,0
DA:80,0
DA:83,0
DA:88,0
DA:89,0
DA:90,0
DA:92,0
LF:42
LH:1
BRDA:25,0,0,0
BRDA:25,0,1,0
BRDA:31,1,0,0
BRDA:31,1,1,0
BRDA:42,2,0,0
BRDA:42,2,1,0
BRDA:67,3,0,0
BRDA:67,3,1,0
BRF:8
BRH:0
end_of_record
TN:
SF:/home/cbaez/Desktop/Ejercicio Arzion/package-delivery/api/helpers/service/process-package-at-warehouse.js
FN:17,(anonymous_0)
FNF:1
FNH:1
FNDA:119,(anonymous_0)
DA:1,1
DA:20,119
DA:21,0
DA:22,0
DA:23,0
DA:26,0
DA:27,0
DA:28,0
DA:31,0
DA:32,0
DA:33,0
DA:36,0
DA:37,0
DA:40,0
DA:43,0
DA:46,0
DA:47,0
DA:49,0
DA:50,0
DA:53,0
DA:56,0
DA:57,0
DA:60,0
DA:62,0
LF:24
LH:2
BRDA:56,0,0,0
BRDA:56,0,1,0
BRF:2
BRH:0
end_of_record
TN:
SF:/home/cbaez/Desktop/Ejercicio Arzion/package-delivery/api/models/Package.js
FNF:0
FNH:0
DA:8,1
LF:1
LH:1
BRF:0
BRH:0
end_of_record
TN:
SF:/home/cbaez/Desktop/Ejercicio Arzion/package-delivery/api/models/Warehouse.js
FNF:0
FNH:0
DA:8,1
LF:1
LH:1
BRF:0
BRH:0
end_of_record
TN:
SF:/home/cbaez/Desktop/Ejercicio Arzion/package-delivery/config/blueprints.js
FNF:0
FNH:0
DA:12,1
LF:1
LH:1
BRF:0
BRH:0
end_of_record
TN:
SF:/home/cbaez/Desktop/Ejercicio Arzion/package-delivery/config/bootstrap.js
FN:12,(anonymous_0)
FNF:1
FNH:1
FNDA:1,(anonymous_0)
DA:12,1
LF:1
LH:1
BRF:0
BRH:0
end_of_record
TN:
SF:/home/cbaez/Desktop/Ejercicio Arzion/package-delivery/config/custom.js
FNF:0
FNH:0
DA:11,1
LF:1
LH:1
BRF:0
BRH:0
end_of_record
TN:
SF:/home/cbaez/Desktop/Ejercicio Arzion/package-delivery/config/datastores.js
FNF:0
FNH:0
DA:16,1
LF:1
LH:1
BRF:0
BRH:0
end_of_record
TN:
SF:/home/cbaez/Desktop/Ejercicio Arzion/package-delivery/config/globals.js
FNF:0
FNH:0
DA:12,1
LF:1
LH:1
BRF:0
BRH:0
end_of_record
TN:
SF:/home/cbaez/Desktop/Ejercicio Arzion/package-delivery/config/http.js
FNF:0
FNH:0
DA:12,1
LF:1
LH:1
BRF:0
BRH:0
end_of_record
TN:
SF:/home/cbaez/Desktop/Ejercicio Arzion/package-delivery/config/i18n.js
FNF:0
FNH:0
DA:15,1
LF:1
LH:1
BRF:0
BRH:0
end_of_record
TN:
SF:/home/cbaez/Desktop/Ejercicio Arzion/package-delivery/config/local.js
FNF:0
FNH:0
DA:11,1
LF:1
LH:1
BRF:0
BRH:0
end_of_record
TN:
SF:/home/cbaez/Desktop/Ejercicio Arzion/package-delivery/config/log.js
FNF:0
FNH:0
DA:13,1
LF:1
LH:1
BRF:0
BRH:0
end_of_record
TN:
SF:/home/cbaez/Desktop/Ejercicio Arzion/package-delivery/config/models.js
FNF:0
FNH:0
DA:16,1
LF:1
LH:1
BRF:0
BRH:0
end_of_record
TN:
SF:/home/cbaez/Desktop/Ejercicio Arzion/package-delivery/config/policies.js
FNF:0
FNH:0
DA:11,1
LF:1
LH:1
BRF:0
BRH:0
end_of_record
TN:
SF:/home/cbaez/Desktop/Ejercicio Arzion/package-delivery/config/routes.js
FNF:0
FNH:0
DA:11,1
LF:1
LH:1
BRF:0
BRH:0
end_of_record
TN:
SF:/home/cbaez/Desktop/Ejercicio Arzion/package-delivery/config/security.js
FNF:0
FNH:0
DA:16,1
LF:1
LH:1
BRF:0
BRH:0
end_of_record
TN:
SF:/home/cbaez/Desktop/Ejercicio Arzion/package-delivery/config/session.js
FNF:0
FNH:0
DA:12,1
LF:1
LH:1
BRF:0
BRH:0
end_of_record
TN:
SF:/home/cbaez/Desktop/Ejercicio Arzion/package-delivery/config/sockets.js
FNF:0
FNH:0
DA:12,1
LF:1
LH:1
BRF:0
BRH:0
end_of_record
TN:
SF:/home/cbaez/Desktop/Ejercicio Arzion/package-delivery/config/views.js
FNF:0
FNH:0
DA:17,1
LF:1
LH:1
BRF:0
BRH:0
end_of_record
TN:
SF:/home/cbaez/Desktop/Ejercicio Arzion/package-delivery/jest/setup.js
FN:4,(anonymous_0)
FN:5,(anonymous_1)
FNF:2
FNH:2
FNDA:1,(anonymous_0)
FNDA:1,(anonymous_1)
DA:1,1
DA:2,1
DA:4,1
DA:5,1
DA:6,1
DA:7,1
DA:8,1
DA:12,1
LF:8
LH:8
BRF:0
BRH:0
end_of_record
